{
"contracts\\ProductLibrary.sol":{"l":{"20":0,"31":0,"42":11,"53":8,"54":8},"path":"C:\\_Felix\\formations\\VendingMachine\\contracts\\ProductLibrary.sol","s":{"1":0,"2":0,"3":11,"4":8,"5":8},"b":{"1":[8,0]},"f":{"1":0,"2":0,"3":11,"4":8},"fnMap":{"1":{"name":"calculateTotal","line":15,"loc":{"start":{"line":15,"column":4},"end":{"line":21,"column":4}}},"2":{"name":"validateStock","line":26,"loc":{"start":{"line":26,"column":4},"end":{"line":32,"column":4}}},"3":{"name":"validateProductId","line":37,"loc":{"start":{"line":37,"column":4},"end":{"line":43,"column":4}}},"4":{"name":"calculateRefund","line":48,"loc":{"start":{"line":48,"column":4},"end":{"line":55,"column":4}}}},"statementMap":{"1":{"start":{"line":20,"column":8},"end":{"line":20,"column":31}},"2":{"start":{"line":31,"column":8},"end":{"line":31,"column":40}},"3":{"start":{"line":42,"column":8},"end":{"line":42,"column":28}},"4":{"start":{"line":53,"column":8},"end":{"line":53,"column":68}},"5":{"start":{"line":54,"column":8},"end":{"line":54,"column":42}}},"branchMap":{"1":{"line":53,"type":"if","locations":[{"start":{"line":53,"column":8},"end":{"line":53,"column":8}},{"start":{"line":53,"column":8},"end":{"line":53,"column":8}}]}}},
"contracts\\VendingMachineV1.sol":{"l":{"23":3,"28":36,"29":36,"41":11,"42":10,"45":9,"46":9,"49":9,"56":9,"63":11,"64":11,"65":10,"66":9,"69":8,"72":8,"73":8,"74":1,"75":1,"78":8,"85":1,"87":1,"88":2,"91":1,"98":2,"99":2,"106":0,"113":1,"114":1,"115":1},"path":"C:\\_Felix\\formations\\VendingMachine\\contracts\\VendingMachineV1.sol","s":{"1":3,"2":36,"3":36,"4":11,"5":10,"6":9,"7":9,"8":9,"9":11,"10":11,"11":10,"12":9,"13":8,"14":8,"15":1,"16":1,"17":8,"18":1,"19":1,"20":1,"21":2,"22":2,"23":0,"24":1,"25":1,"26":1},"b":{"1":[36,0],"2":[11,1],"3":[10,1],"4":[9,1],"5":[9,0],"6":[10,1],"7":[9,1],"8":[8,1],"9":[1,7],"10":[2,0],"11":[1,0],"12":[1,0],"13":[0,0]},"f":{"1":3,"2":36,"3":11,"4":11,"5":1,"6":2,"7":0,"8":1,"9":0},"fnMap":{"1":{"name":"constructor","line":22,"loc":{"start":{"line":22,"column":4},"end":{"line":24,"column":4}}},"2":{"name":"initialize","line":26,"loc":{"start":{"line":26,"column":4},"end":{"line":30,"column":4}}},"3":{"name":"addProduct","line":40,"loc":{"start":{"line":35,"column":4},"end":{"line":57,"column":4}}},"4":{"name":"buyProduct","line":62,"loc":{"start":{"line":62,"column":4},"end":{"line":79,"column":4}}},"5":{"name":"getProducts","line":84,"loc":{"start":{"line":84,"column":4},"end":{"line":92,"column":4}}},"6":{"name":"getProduct","line":97,"loc":{"start":{"line":97,"column":4},"end":{"line":100,"column":4}}},"7":{"name":"getProductCount","line":105,"loc":{"start":{"line":105,"column":4},"end":{"line":107,"column":4}}},"8":{"name":"withdraw","line":112,"loc":{"start":{"line":112,"column":4},"end":{"line":116,"column":4}}},"9":{"name":"_authorizeUpgrade","line":121,"loc":{"start":{"line":121,"column":4},"end":{"line":121,"column":87}}}},"statementMap":{"1":{"start":{"line":23,"column":8},"end":{"line":23,"column":29}},"2":{"start":{"line":28,"column":8},"end":{"line":28,"column":23}},"3":{"start":{"line":29,"column":8},"end":{"line":29,"column":31}},"4":{"start":{"line":41,"column":8},"end":{"line":41,"column":74}},"5":{"start":{"line":42,"column":8},"end":{"line":42,"column":57}},"6":{"start":{"line":45,"column":8},"end":{"line":45,"column":1622}},"7":{"start":{"line":46,"column":12},"end":{"line":46,"column":30}},"8":{"start":{"line":56,"column":8},"end":{"line":56,"column":49}},"9":{"start":{"line":63,"column":8},"end":{"line":63,"column":61}},"10":{"start":{"line":64,"column":8},"end":{"line":64,"column":57}},"11":{"start":{"line":65,"column":8},"end":{"line":65,"column":49}},"12":{"start":{"line":66,"column":8},"end":{"line":66,"column":66}},"13":{"start":{"line":72,"column":8},"end":{"line":72,"column":81}},"14":{"start":{"line":73,"column":8},"end":{"line":73,"column":2533}},"15":{"start":{"line":74,"column":12},"end":{"line":74,"column":47}},"16":{"start":{"line":75,"column":12},"end":{"line":75,"column":47}},"17":{"start":{"line":78,"column":8},"end":{"line":78,"column":60}},"18":{"start":{"line":85,"column":8},"end":{"line":85,"column":101}},"19":{"start":{"line":87,"column":8},"end":{"line":87,"column":3030}},"20":{"start":{"line":91,"column":8},"end":{"line":91,"column":26}},"21":{"start":{"line":98,"column":8},"end":{"line":98,"column":62}},"22":{"start":{"line":99,"column":8},"end":{"line":99,"column":27}},"23":{"start":{"line":106,"column":8},"end":{"line":106,"column":32}},"24":{"start":{"line":113,"column":8},"end":{"line":113,"column":47}},"25":{"start":{"line":114,"column":8},"end":{"line":114,"column":51}},"26":{"start":{"line":115,"column":8},"end":{"line":115,"column":41}}},"branchMap":{"1":{"line":26,"type":"if","locations":[{"start":{"line":26,"column":33},"end":{"line":26,"column":33}},{"start":{"line":26,"column":33},"end":{"line":26,"column":33}}]},"2":{"line":40,"type":"if","locations":[{"start":{"line":40,"column":15},"end":{"line":40,"column":15}},{"start":{"line":40,"column":15},"end":{"line":40,"column":15}}]},"3":{"line":41,"type":"if","locations":[{"start":{"line":41,"column":8},"end":{"line":41,"column":8}},{"start":{"line":41,"column":8},"end":{"line":41,"column":8}}]},"4":{"line":42,"type":"if","locations":[{"start":{"line":42,"column":8},"end":{"line":42,"column":8}},{"start":{"line":42,"column":8},"end":{"line":42,"column":8}}]},"5":{"line":45,"type":"if","locations":[{"start":{"line":45,"column":8},"end":{"line":45,"column":8}},{"start":{"line":45,"column":8},"end":{"line":45,"column":8}}]},"6":{"line":64,"type":"if","locations":[{"start":{"line":64,"column":8},"end":{"line":64,"column":8}},{"start":{"line":64,"column":8},"end":{"line":64,"column":8}}]},"7":{"line":65,"type":"if","locations":[{"start":{"line":65,"column":8},"end":{"line":65,"column":8}},{"start":{"line":65,"column":8},"end":{"line":65,"column":8}}]},"8":{"line":66,"type":"if","locations":[{"start":{"line":66,"column":8},"end":{"line":66,"column":8}},{"start":{"line":66,"column":8},"end":{"line":66,"column":8}}]},"9":{"line":73,"type":"if","locations":[{"start":{"line":73,"column":8},"end":{"line":73,"column":8}},{"start":{"line":73,"column":8},"end":{"line":73,"column":8}}]},"10":{"line":98,"type":"if","locations":[{"start":{"line":98,"column":8},"end":{"line":98,"column":8}},{"start":{"line":98,"column":8},"end":{"line":98,"column":8}}]},"11":{"line":112,"type":"if","locations":[{"start":{"line":112,"column":33},"end":{"line":112,"column":33}},{"start":{"line":112,"column":33},"end":{"line":112,"column":33}}]},"12":{"line":114,"type":"if","locations":[{"start":{"line":114,"column":8},"end":{"line":114,"column":8}},{"start":{"line":114,"column":8},"end":{"line":114,"column":8}}]},"13":{"line":121,"type":"if","locations":[{"start":{"line":121,"column":76},"end":{"line":121,"column":76}},{"start":{"line":121,"column":76},"end":{"line":121,"column":76}}]}}}}
