TN:
SF:C:\_Felix\formations\VendingMachine\contracts\ProductLibrary.sol
FN:15,calculateTotal
FN:26,validateStock
FN:37,validateProductId
FN:48,calculateRefund
FNF:4
FNH:2
FNDA:0,calculateTotal
FNDA:0,validateStock
FNDA:11,validateProductId
FNDA:8,calculateRefund
DA:20,0
DA:31,0
DA:42,11
DA:53,8
DA:54,8
LF:5
LH:3
BRDA:53,1,0,8
BRDA:53,1,1,0
BRF:2
BRH:1
end_of_record
TN:
SF:C:\_Felix\formations\VendingMachine\contracts\VendingMachineV1.sol
FN:22,constructor
FN:26,initialize
FN:40,addProduct
FN:62,buyProduct
FN:84,getProducts
FN:97,getProduct
FN:105,getProductCount
FN:112,withdraw
FN:121,_authorizeUpgrade
FNF:9
FNH:7
FNDA:3,constructor
FNDA:36,initialize
FNDA:11,addProduct
FNDA:11,buyProduct
FNDA:1,getProducts
FNDA:2,getProduct
FNDA:0,getProductCount
FNDA:1,withdraw
FNDA:0,_authorizeUpgrade
DA:23,3
DA:28,36
DA:29,36
DA:41,11
DA:42,10
DA:45,9
DA:46,9
DA:49,9
DA:56,9
DA:63,11
DA:64,11
DA:65,10
DA:66,9
DA:69,8
DA:72,8
DA:73,8
DA:74,1
DA:75,1
DA:78,8
DA:85,1
DA:87,1
DA:88,2
DA:91,1
DA:98,2
DA:99,2
DA:106,0
DA:113,1
DA:114,1
DA:115,1
LF:29
LH:28
BRDA:26,1,0,36
BRDA:26,1,1,0
BRDA:40,2,0,11
BRDA:40,2,1,1
BRDA:41,3,0,10
BRDA:41,3,1,1
BRDA:42,4,0,9
BRDA:42,4,1,1
BRDA:45,5,0,9
BRDA:45,5,1,0
BRDA:64,6,0,10
BRDA:64,6,1,1
BRDA:65,7,0,9
BRDA:65,7,1,1
BRDA:66,8,0,8
BRDA:66,8,1,1
BRDA:73,9,0,1
BRDA:73,9,1,7
BRDA:98,10,0,2
BRDA:98,10,1,0
BRDA:112,11,0,1
BRDA:112,11,1,0
BRDA:114,12,0,1
BRDA:114,12,1,0
BRDA:121,13,0,0
BRDA:121,13,1,0
BRF:26
BRH:19
end_of_record
